生成启动时间为 2026/3/17 19:15:28。
     1>项目“E:\AAA_data\vs2010\cpp\projects\practice1\practice1.vcxproj”在节点 2 上(build 个目标)。
     1>InitializeBuildStatus:
         正在创建“Debug\practice1.unsuccessfulbuild”，因为已指定“AlwaysCreate”。
       ClCompile:
         D:\VS2010\vs2010\VC\bin\CL.exe /c /ZI /nologo /W3 /WX- /Od /Oy- /D WIN32 /D _DEBUG /D _WINDOWS /D _UNICODE /D UNICODE /Gm /EHsc /RTC1 /MDd /GS /fp:precise /Zc:wchar_t /Zc:forScope /Fo"Debug\\" /Fd"Debug\vc100.pdb" /Gd /TP /analyze- /errorReport:prompt main.cpp
         main.cpp
       ResourceCompile:
         所有输出均为最新。
       ManifestResourceCompile:
         所有输出均为最新。
       Link:
         D:\VS2010\vs2010\VC\bin\link.exe /ERRORREPORT:PROMPT /OUT:"E:\AAA_data\vs2010\cpp\projects\practice1\Debug\practice1.exe" /INCREMENTAL /NOLOGO kernel32.lib user32.lib gdi32.lib winspool.lib comdlg32.lib advapi32.lib shell32.lib ole32.lib oleaut32.lib uuid.lib odbc32.lib odbccp32.lib /MANIFEST /ManifestFile:"Debug\practice1.exe.intermediate.manifest" /MANIFESTUAC:"level='asInvoker' uiAccess='false'" /DEBUG /PDB:"E:\AAA_data\vs2010\cpp\projects\practice1\Debug\practice1.pdb" /SUBSYSTEM:WINDOWS /TLBID:1 /DYNAMICBASE /NXCOMPAT /IMPLIB:"E:\AAA_data\vs2010\cpp\projects\practice1\Debug\practice1.lib" /MACHINE:X86 Debug\template.res
         Debug\practice1.exe.embed.manifest.res
         Debug\BControl.obj
         Debug\BForm.obj
         Debug\BMenuItem.obj
         Debug\BWindows.obj
         Debug\BWndBase.obj
         Debug\main.obj
       Manifest:
         C:\Program Files (x86)\Microsoft SDKs\Windows\v7.0A\bin\mt.exe /nologo /verbose /out:"Debug\practice1.exe.embed.manifest" /manifest Debug\practice1.exe.intermediate.manifest
         所有输出均为最新。
       LinkEmbedManifest:
         所有输出均为最新。
         practice1.vcxproj -> E:\AAA_data\vs2010\cpp\projects\practice1\Debug\practice1.exe
       FinalizeBuildStatus:
         正在删除文件“Debug\practice1.unsuccessfulbuild”。
         正在对“Debug\practice1.lastbuildstate”执行 Touch 任务。
     1>已完成生成项目“E:\AAA_data\vs2010\cpp\projects\practice1\practice1.vcxproj”(build 个目标)的操作。

生成成功。

已用时间 00:00:03.18
