生成启动时间为 2026/3/13 17:17:31。
     1>项目“E:\AAA_data\vs2010\cpp\VC2010简单Windows窗口程序模版\VC2010简单Windows窗口程序模版\VC2010简单Windows窗口程序模版.vcxproj”在节点 2 上(rebuild 个目标)。
     1>InitializeBuildStatus:
         正在对“Debug\VC2010简单Windows窗口程序模版.unsuccessfulbuild”执行 Touch 任务。
       ClCompile:
         D:\VS2010\VC\bin\CL.exe /c /ZI /nologo /W3 /WX- /Od /Oy- /D WIN32 /D _DEBUG /D _WINDOWS /D _UNICODE /D UNICODE /Gm /EHsc /RTC1 /MDd /GS /fp:precise /Zc:wchar_t /Zc:forScope /Fo"Debug\\" /Fd"Debug\vc100.pdb" /Gd /TP /analyze- /errorReport:prompt BControl.cpp BForm.cpp BMenuItem.cpp BWindows.cpp BWndBase.cpp
         BWndBase.cpp
         BWindows.cpp
         BMenuItem.cpp
         BForm.cpp
         BControl.cpp
         正在生成代码...
       ManifestResourceCompile:
         C:\Program Files (x86)\Microsoft SDKs\Windows\v7.0A\bin\rc.exe /nologo /fo"Debug\VC2010简单Windows窗口程序模版.exe.embed.manifest.res" "Debug\VC2010简单Windows窗口程序模版_manifest.rc" 
       Link:
         D:\VS2010\VC\bin\link.exe /ERRORREPORT:PROMPT /OUT:"E:\AAA_data\vs2010\cpp\VC2010简单Windows窗口程序模版\Debug\VC2010简单Windows窗口程序模版.exe" /INCREMENTAL /NOLOGO kernel32.lib user32.lib gdi32.lib winspool.lib comdlg32.lib advapi32.lib shell32.lib ole32.lib oleaut32.lib uuid.lib odbc32.lib odbccp32.lib /MANIFEST /ManifestFile:"Debug\VC2010简单Windows窗口程序模版.exe.intermediate.manifest" /MANIFESTUAC:"level='asInvoker' uiAccess='false'" /DEBUG /PDB:"E:\AAA_data\vs2010\cpp\VC2010简单Windows窗口程序模版\Debug\VC2010简单Windows窗口程序模版.pdb" /SUBSYSTEM:WINDOWS /TLBID:1 /DYNAMICBASE /NXCOMPAT /IMPLIB:"E:\AAA_data\vs2010\cpp\VC2010简单Windows窗口程序模版\Debug\VC2010简单Windows窗口程序模版.lib" /MACHINE:X86 "Debug\VC2010简单Windows窗口程序模版.exe.embed.manifest.res"
         Debug\BControl.obj
         Debug\BForm.obj
         Debug\BMenuItem.obj
         Debug\BWindows.obj
         Debug\BWndBase.obj
     1>BForm.obj : error LNK2019: 无法解析的外部符号 _main，该符号在函数 _WinMain@16 中被引用
     1>E:\AAA_data\vs2010\cpp\VC2010简单Windows窗口程序模版\Debug\VC2010简单Windows窗口程序模版.exe : fatal error LNK1120: 1 个无法解析的外部命令
     1>已完成生成项目“E:\AAA_data\vs2010\cpp\VC2010简单Windows窗口程序模版\VC2010简单Windows窗口程序模版\VC2010简单Windows窗口程序模版.vcxproj”(rebuild 个目标)的操作 - 失败。

生成失败。

已用时间 00:00:02.63
